plasma glucose concentration = high :
 | BMI = high :
 |  | age = high :
 |  |  | diabetes pedigree function = high :
 |  |  |  | diastolic blood pressure = high :
 |  |  |  |  | no. of times pregnant = low :
 |  |  |  |  |  | triceps skin fold thickness = low : True
 |  |  |  |  |  | triceps skin fold thickness = high :
 |  |  |  |  |  |  | 2-hr serum insulin = high : True
 |  |  |  |  |  |  | 2-hr serum insulin = low : True
 |  |  |  |  | no. of times pregnant = high :
 |  |  |  |  |  | triceps skin fold thickness = high :
 |  |  |  |  |  |  | 2-hr serum insulin = high : True
 |  |  |  | diastolic blood pressure = low :
 |  |  |  |  | no. of times pregnant = high : False
 |  |  |  |  | no. of times pregnant = low :
 |  |  |  |  |  | triceps skin fold thickness = high :
 |  |  |  |  |  |  | 2-hr serum insulin = high : True
 |  |  | diabetes pedigree function = low :
 |  |  |  | 2-hr serum insulin = low : True
 |  |  |  | 2-hr serum insulin = high :
 |  |  |  |  | triceps skin fold thickness = high :
 |  |  |  |  |  | diastolic blood pressure = high :
 |  |  |  |  |  |  | no. of times pregnant = high : True
 |  |  |  |  |  |  | no. of times pregnant = low : False
 |  |  |  |  |  | diastolic blood pressure = low :
 |  |  |  |  |  |  | no. of times pregnant = low : True
 |  |  |  |  |  |  | no. of times pregnant = high : True
 |  |  |  |  | triceps skin fold thickness = low :
 |  |  |  |  |  | no. of times pregnant = high : False
 |  |  |  |  |  | no. of times pregnant = low :
 |  |  |  |  |  |  | diastolic blood pressure = high : True
 |  |  |  |  |  |  | diastolic blood pressure = low : False
 |  | age = low :
 |  |  | triceps skin fold thickness = high :
 |  |  |  | diabetes pedigree function = low :
 |  |  |  |  | diastolic blood pressure = high :
 |  |  |  |  |  | no. of times pregnant = low :
 |  |  |  |  |  |  | 2-hr serum insulin = high : False
 |  |  |  |  | diastolic blood pressure = low :
 |  |  |  |  |  | no. of times pregnant = low :
 |  |  |  |  |  |  | 2-hr serum insulin = high : True
 |  |  |  | diabetes pedigree function = high :
 |  |  |  |  | diastolic blood pressure = high :
 |  |  |  |  |  | no. of times pregnant = low :
 |  |  |  |  |  |  | 2-hr serum insulin = high : True
 |  |  |  |  | diastolic blood pressure = low :
 |  |  |  |  |  | no. of times pregnant = low :
 |  |  |  |  |  |  | 2-hr serum insulin = high : False
 |  |  | triceps skin fold thickness = low :
 |  |  |  | diastolic blood pressure = high : False
 |  |  |  | diastolic blood pressure = low :
 |  |  |  |  | 2-hr serum insulin = low : False
 |  |  |  |  | 2-hr serum insulin = high :
 |  |  |  |  |  | diabetes pedigree function = low : False
 |  |  |  |  |  | diabetes pedigree function = high :
 |  |  |  |  |  |  | no. of times pregnant = low : True
 | BMI = low :
 |  | triceps skin fold thickness = low : False
 |  | triceps skin fold thickness = high :
 |  |  | 2-hr serum insulin = high :
 |  |  |  | diabetes pedigree function = high : False
 |  |  |  | diabetes pedigree function = low :
 |  |  |  |  | age = high :
 |  |  |  |  |  | diastolic blood pressure = low : False
 |  |  |  |  |  | diastolic blood pressure = high :
 |  |  |  |  |  |  | no. of times pregnant = low : False
 |  |  |  |  | age = low :
 |  |  |  |  |  | diastolic blood pressure = high : False
 |  |  |  |  |  | diastolic blood pressure = low :
 |  |  |  |  |  |  | no. of times pregnant = low : True
 |  |  | 2-hr serum insulin = low :
 |  |  |  | diabetes pedigree function = high : True
 |  |  |  | diabetes pedigree function = low : False
plasma glucose concentration = low :
 | BMI = low : False
 | BMI = high :
 |  | 2-hr serum insulin = high :
 |  |  | age = low :
 |  |  |  | diastolic blood pressure = high : False
 |  |  |  | diastolic blood pressure = low :
 |  |  |  |  | triceps skin fold thickness = low : False
 |  |  |  |  | triceps skin fold thickness = high :
 |  |  |  |  |  | diabetes pedigree function = low :
 |  |  |  |  |  |  | no. of times pregnant = low : False
 |  |  |  |  |  | diabetes pedigree function = high :
 |  |  |  |  |  |  | no. of times pregnant = low : False
 |  |  | age = high :
 |  |  |  | diabetes pedigree function = low :
 |  |  |  |  | triceps skin fold thickness = low : False
 |  |  |  |  | triceps skin fold thickness = high :
 |  |  |  |  |  | no. of times pregnant = high :
 |  |  |  |  |  |  | diastolic blood pressure = high : False
 |  |  |  |  |  |  | diastolic blood pressure = low : False
 |  |  |  |  |  | no. of times pregnant = low :
 |  |  |  |  |  |  | diastolic blood pressure = high : False
 |  |  |  |  |  |  | diastolic blood pressure = low : False
 |  |  |  | diabetes pedigree function = high :
 |  |  |  |  | diastolic blood pressure = low : True
 |  |  |  |  | diastolic blood pressure = high :
 |  |  |  |  |  | no. of times pregnant = low :
 |  |  |  |  |  |  | triceps skin fold thickness = low : True
 |  |  |  |  |  |  | triceps skin fold thickness = high : False
 |  |  |  |  |  | no. of times pregnant = high :
 |  |  |  |  |  |  | triceps skin fold thickness = high : True
 |  |  |  |  |  |  | triceps skin fold thickness = low : False
 |  | 2-hr serum insulin = low :
 |  |  | diastolic blood pressure = low : False
 |  |  | diastolic blood pressure = high :
 |  |  |  | age = high : False
 |  |  |  | age = low :
 |  |  |  |  | triceps skin fold thickness = low : False
 |  |  |  |  | triceps skin fold thickness = high :
 |  |  |  |  |  | diabetes pedigree function = high : True
 |  |  |  |  |  | diabetes pedigree function = low :
 |  |  |  |  |  |  | no. of times pregnant = low : False
plasma glucose concentration = very high :
 | 2-hr serum insulin = high :
 |  | BMI = low :
 |  |  | age = high :
 |  |  |  | triceps skin fold thickness = low : True
 |  |  |  | triceps skin fold thickness = high :
 |  |  |  |  | no. of times pregnant = high :
 |  |  |  |  |  | diabetes pedigree function = low : True
 |  |  |  |  |  | diabetes pedigree function = high :
 |  |  |  |  |  |  | diastolic blood pressure = low : True
 |  |  |  |  |  |  | diastolic blood pressure = high : True
 |  |  |  |  | no. of times pregnant = low :
 |  |  |  |  |  | diastolic blood pressure = low :
 |  |  |  |  |  |  | diabetes pedigree function = low : True
 |  |  |  |  |  | diastolic blood pressure = high :
 |  |  |  |  |  |  | diabetes pedigree function = low : True
 |  |  | age = low :
 |  |  |  | diastolic blood pressure = low : False
 |  |  |  | diastolic blood pressure = high :
 |  |  |  |  | triceps skin fold thickness = high : False
 |  |  |  |  | triceps skin fold thickness = low :
 |  |  |  |  |  | no. of times pregnant = low :
 |  |  |  |  |  |  | diabetes pedigree function = low : True
 |  | BMI = high :
 |  |  | no. of times pregnant = low :
 |  |  |  | age = high :
 |  |  |  |  | diabetes pedigree function = low :
 |  |  |  |  |  | diastolic blood pressure = high :
 |  |  |  |  |  |  | triceps skin fold thickness = high : True
 |  |  |  |  |  |  | triceps skin fold thickness = low : True
 |  |  |  |  |  | diastolic blood pressure = low :
 |  |  |  |  |  |  | triceps skin fold thickness = low : True
 |  |  |  |  |  |  | triceps skin fold thickness = high : True
 |  |  |  |  | diabetes pedigree function = high :
 |  |  |  |  |  | triceps skin fold thickness = low : True
 |  |  |  |  |  | triceps skin fold thickness = high :
 |  |  |  |  |  |  | diastolic blood pressure = high : True
 |  |  |  |  |  |  | diastolic blood pressure = low : True
 |  |  |  | age = low :
 |  |  |  |  | diabetes pedigree function = high : True
 |  |  |  |  | diabetes pedigree function = low :
 |  |  |  |  |  | triceps skin fold thickness = high :
 |  |  |  |  |  |  | diastolic blood pressure = high : True
 |  |  |  |  |  |  | diastolic blood pressure = low : True
 |  |  |  |  |  | triceps skin fold thickness = low :
 |  |  |  |  |  |  | diastolic blood pressure = high : True
 |  |  |  |  |  |  | diastolic blood pressure = low : False
 |  |  | no. of times pregnant = high :
 |  |  |  | diabetes pedigree function = high : True
 |  |  |  | diabetes pedigree function = low :
 |  |  |  |  | diastolic blood pressure = high :
 |  |  |  |  |  | triceps skin fold thickness = high :
 |  |  |  |  |  |  | age = high : True
 |  |  |  |  | diastolic blood pressure = low :
 |  |  |  |  |  | triceps skin fold thickness = high :
 |  |  |  |  |  |  | age = high : True
 | 2-hr serum insulin = low :
 |  | diabetes pedigree function = low : False
 |  | diabetes pedigree function = high : True
plasma glucose concentration = medium :
 | age = high :
 |  | BMI = low :
 |  |  | diastolic blood pressure = high :
 |  |  |  | no. of times pregnant = high : False
 |  |  |  | no. of times pregnant = low :
 |  |  |  |  | diabetes pedigree function = high : False
 |  |  |  |  | diabetes pedigree function = low :
 |  |  |  |  |  | triceps skin fold thickness = low : False
 |  |  |  |  |  | triceps skin fold thickness = high :
 |  |  |  |  |  |  | 2-hr serum insulin = high : False
 |  |  | diastolic blood pressure = low :
 |  |  |  | no. of times pregnant = high : True
 |  |  |  | no. of times pregnant = low :
 |  |  |  |  | triceps skin fold thickness = high : False
 |  |  |  |  | triceps skin fold thickness = low :
 |  |  |  |  |  | 2-hr serum insulin = high :
 |  |  |  |  |  |  | diabetes pedigree function = high : False
 |  | BMI = high :
 |  |  | diabetes pedigree function = low :
 |  |  |  | 2-hr serum insulin = low : False
 |  |  |  | 2-hr serum insulin = high :
 |  |  |  |  | diastolic blood pressure = high :
 |  |  |  |  |  | no. of times pregnant = high :
 |  |  |  |  |  |  | triceps skin fold thickness = high : False
 |  |  |  |  |  | no. of times pregnant = low :
 |  |  |  |  |  |  | triceps skin fold thickness = high : False
 |  |  |  |  |  |  | triceps skin fold thickness = low : True
 |  |  |  |  | diastolic blood pressure = low :
 |  |  |  |  |  | triceps skin fold thickness = high :
 |  |  |  |  |  |  | no. of times pregnant = high : True
 |  |  |  |  |  |  | no. of times pregnant = low : True
 |  |  |  |  |  | triceps skin fold thickness = low :
 |  |  |  |  |  |  | no. of times pregnant = low : False
 |  |  | diabetes pedigree function = high :
 |  |  |  | no. of times pregnant = high : True
 |  |  |  | no. of times pregnant = low :
 |  |  |  |  | triceps skin fold thickness = low : True
 |  |  |  |  | triceps skin fold thickness = high :
 |  |  |  |  |  | diastolic blood pressure = high :
 |  |  |  |  |  |  | 2-hr serum insulin = high : True
 |  |  |  |  |  | diastolic blood pressure = low :
 |  |  |  |  |  |  | 2-hr serum insulin = high : True
 | age = low :
 |  | BMI = high :
 |  |  | triceps skin fold thickness = high :
 |  |  |  | no. of times pregnant = low :
 |  |  |  |  | diabetes pedigree function = high :
 |  |  |  |  |  | diastolic blood pressure = high :
 |  |  |  |  |  |  | 2-hr serum insulin = high : False
 |  |  |  |  |  |  | 2-hr serum insulin = low : False
 |  |  |  |  |  | diastolic blood pressure = low :
 |  |  |  |  |  |  | 2-hr serum insulin = high : True
 |  |  |  |  |  |  | 2-hr serum insulin = low : True
 |  |  |  |  | diabetes pedigree function = low :
 |  |  |  |  |  | diastolic blood pressure = low :
 |  |  |  |  |  |  | 2-hr serum insulin = high : False
 |  |  |  |  |  |  | 2-hr serum insulin = low : False
 |  |  |  |  |  | diastolic blood pressure = high :
 |  |  |  |  |  |  | 2-hr serum insulin = high : False
 |  |  |  |  |  |  | 2-hr serum insulin = low : False
 |  |  |  | no. of times pregnant = high :
 |  |  |  |  | diastolic blood pressure = high :
 |  |  |  |  |  | 2-hr serum insulin = high :
 |  |  |  |  |  |  | diabetes pedigree function = low : True
 |  |  | triceps skin fold thickness = low :
 |  |  |  | diabetes pedigree function = low : False
 |  |  |  | diabetes pedigree function = high :
 |  |  |  |  | diastolic blood pressure = high : False
 |  |  |  |  | diastolic blood pressure = low :
 |  |  |  |  |  | 2-hr serum insulin = low : False
 |  |  |  |  |  | 2-hr serum insulin = high :
 |  |  |  |  |  |  | no. of times pregnant = low : False
 |  | BMI = low :
 |  |  | diabetes pedigree function = low : False
 |  |  | diabetes pedigree function = high :
 |  |  |  | 2-hr serum insulin = high : False
 |  |  |  | 2-hr serum insulin = low :
 |  |  |  |  | diastolic blood pressure = high : False
 |  |  |  |  | diastolic blood pressure = low :
 |  |  |  |  |  | no. of times pregnant = low :
 |  |  |  |  |  |  | triceps skin fold thickness = low : True
